Сборка начата 15.02.2022 23:16:18.
Уровень детализации журнала: Normal.     1>Проект "D:\Лабы\КПО\Command line. Stages of source code processing\Date\Date\Date.vcxproj" в узле 2 (целевые объекты Build).
     1>PrepareForBuild:
         Создание каталога "D:\Лабы\КПО\Command line. Stages of source code processing\Date\Release\".
         Создание каталога "Release\Date.tlog\".
       InitializeBuildStatus:
         Создание "Release\Date.tlog\unsuccessfulbuild", так как было задано "AlwaysCreate".
       ClCompile:
         C:\Program Files (x86)\Microsoft Visual Studio\2019\Community\VC\Tools\MSVC\14.29.30133\bin\HostX86\x86\CL.exe /c /Zi /nologo /W3 /WX- /diagnostics:column /sdl /O2 /Oi /Oy- /GL /D WIN32 /D NDEBUG /D _CONSOLE /D _UNICODE /D UNICODE /Gm- /EHsc /MD /GS /Gy /fp:precise /permissive- /Zc:wchar_t /Zc:forScope /Zc:inline /Fo"Release\\" /Fd"Release\vc142.pdb" /external:W3 /Gd /TP /analyze- /FC /errorReport:prompt Source.cpp
         Source.cpp
     1>D:\Лабы\КПО\Command line. Stages of source code processing\Date\Date\Source.cpp(54,13): warning C4326: возвращаемый тип "main" должен быть "int", а не "void"
       Link:
         C:\Program Files (x86)\Microsoft Visual Studio\2019\Community\VC\Tools\MSVC\14.29.30133\bin\HostX86\x86\link.exe /ERRORREPORT:PROMPT /OUT:"D:\Лабы\КПО\Command line. Stages of source code processing\Date\Release\Date.exe" /INCREMENTAL:NO /NOLOGO kernel32.lib user32.lib gdi32.lib winspool.lib comdlg32.lib advapi32.lib shell32.lib ole32.lib oleaut32.lib uuid.lib odbc32.lib odbccp32.lib /MANIFEST /MANIFESTUAC:"level='asInvoker' uiAccess='false'" /manifest:embed /DEBUG /PDB:"D:\Лабы\КПО\Command line. Stages of source code processing\Date\Release\Date.pdb" /SUBSYSTEM:CONSOLE /OPT:REF /OPT:ICF /LTCG:incremental /LTCGOUT:"Release\Date.iobj" /TLBID:1 /DYNAMICBASE /NXCOMPAT /IMPLIB:"D:\Лабы\КПО\Command line. Stages of source code processing\Date\Release\Date.lib" /MACHINE:X86 /SAFESEH Release\Source.obj
         Создание кода
         Previous IPDB not found, fall back to full compilation.
     1>D:\Лабы\КПО\Command line. Stages of source code processing\Date\Date\Source.cpp(52): warning C4715: is_correct_date: значение возвращается не при всех путях выполнения
         All 16 functions were compiled because no usable IPDB/IOBJ from previous compilation was found.
         Создание кода завершено
         Date.vcxproj -> D:\Лабы\КПО\Command line. Stages of source code processing\Date\Release\Date.exe
       FinalizeBuildStatus:
         Файл "Release\Date.tlog\unsuccessfulbuild" удаляется.
         Обращение к "Release\Date.tlog\Date.lastbuildstate".
     1>Сборка проекта "D:\Лабы\КПО\Command line. Stages of source code processing\Date\Date\Date.vcxproj" завершена (целевые объекты Build).

Сборка успешно завершена.

       "D:\Лабы\КПО\Command line. Stages of source code processing\Date\Date\Date.vcxproj" (целевой объект Build ) (1) ->
       (Целевой объект ClCompile) -> 
         D:\Лабы\КПО\Command line. Stages of source code processing\Date\Date\Source.cpp(54,13): warning C4326: возвращаемый тип "main" должен быть "int", а не "void"


       "D:\Лабы\КПО\Command line. Stages of source code processing\Date\Date\Date.vcxproj" (целевой объект Build ) (1) ->
       (Целевой объект Link) -> 
         D:\Лабы\КПО\Command line. Stages of source code processing\Date\Date\Source.cpp(52): warning C4715: is_correct_date: значение возвращается не при всех путях выполнения

    Предупреждений: 2
    Ошибок: 0

Прошло времени 00:00:00.59
