Сборка начата 19.04.2022 19:23:25.
Уровень детализации журнала: Normal.     1>Проект "D:\Labs\КПО\06\SE_Lab_06\SE_Lab_06\SE_Lab_06.vcxproj" в узле 2 (целевые объекты Build).
     1>InitializeBuildStatus:
         Создание "Debug\SE_Lab_06.tlog\unsuccessfulbuild", так как было задано "AlwaysCreate".
       ClCompile:
         C:\Program Files (x86)\Microsoft Visual Studio\2019\Community\VC\Tools\MSVC\14.29.30133\bin\HostX86\x86\CL.exe /c /ZI /JMC /nologo /W3 /WX- /diagnostics:column /sdl /Od /Oy- /D WIN32 /D _DEBUG /D _CONSOLE /D _UNICODE /D UNICODE /Gm- /EHsc /RTC1 /MDd /GS /fp:precise /permissive- /Zc:wchar_t /Zc:forScope /Zc:inline /Fo"Debug\\" /Fd"Debug\vc142.pdb" /external:W3 /Gd /TP /analyze- /FC /errorReport:prompt Debug\Dictionary.cpp
         Dictionary.cpp
     1>D:\Labs\КПО\06\SE_Lab_06\SE_Lab_06\Debug\Dictionary.cpp(55): warning C4715: Dictionary::GetEntry: значение возвращается не при всех путях выполнения
       Link:
         C:\Program Files (x86)\Microsoft Visual Studio\2019\Community\VC\Tools\MSVC\14.29.30133\bin\HostX86\x86\link.exe /ERRORREPORT:PROMPT /OUT:"D:\Labs\КПО\06\SE_Lab_06\Debug\SE_Lab_06.exe" /INCREMENTAL /ILK:"Debug\SE_Lab_06.ilk" /NOLOGO kernel32.lib user32.lib gdi32.lib winspool.lib comdlg32.lib advapi32.lib shell32.lib ole32.lib oleaut32.lib uuid.lib odbc32.lib odbccp32.lib /MANIFEST /MANIFESTUAC:"level='asInvoker' uiAccess='false'" /manifest:embed /DEBUG /PDB:"D:\Labs\КПО\06\SE_Lab_06\Debug\SE_Lab_06.pdb" /SUBSYSTEM:CONSOLE /TLBID:1 /DYNAMICBASE /NXCOMPAT /IMPLIB:"D:\Labs\КПО\06\SE_Lab_06\Debug\SE_Lab_06.lib" /MACHINE:X86 Debug\Dictionary.obj
         Debug\Main.obj
         SE_Lab_06.vcxproj -> D:\Labs\КПО\06\SE_Lab_06\Debug\SE_Lab_06.exe
       FinalizeBuildStatus:
         Файл "Debug\SE_Lab_06.tlog\unsuccessfulbuild" удаляется.
         Обращение к "Debug\SE_Lab_06.tlog\SE_Lab_06.lastbuildstate".
     1>Сборка проекта "D:\Labs\КПО\06\SE_Lab_06\SE_Lab_06\SE_Lab_06.vcxproj" завершена (целевые объекты Build).

Сборка успешно завершена.

       "D:\Labs\КПО\06\SE_Lab_06\SE_Lab_06\SE_Lab_06.vcxproj" (целевой объект Build ) (1) ->
       (Целевой объект ClCompile) -> 
         D:\Labs\КПО\06\SE_Lab_06\SE_Lab_06\Debug\Dictionary.cpp(55): warning C4715: Dictionary::GetEntry: значение возвращается не при всех путях выполнения

    Предупреждений: 1
    Ошибок: 0

Прошло времени 00:00:00.85
